mode: set
github.com/manciniraka/urbioxe/internal/service/auth_service.go:32.15,38.2 1 1
github.com/manciniraka/urbioxe/internal/service/auth_service.go:54.75,56.39 2 1
github.com/manciniraka/urbioxe/internal/service/auth_service.go:56.39,58.3 1 1
github.com/manciniraka/urbioxe/internal/service/auth_service.go:59.2,59.59 1 1
github.com/manciniraka/urbioxe/internal/service/auth_service.go:59.59,61.3 1 0
github.com/manciniraka/urbioxe/internal/service/auth_service.go:63.2,64.39 2 1
github.com/manciniraka/urbioxe/internal/service/auth_service.go:64.39,66.3 1 1
github.com/manciniraka/urbioxe/internal/service/auth_service.go:67.2,67.59 1 1
github.com/manciniraka/urbioxe/internal/service/auth_service.go:67.59,69.3 1 0
github.com/manciniraka/urbioxe/internal/service/auth_service.go:71.2,72.16 2 1
github.com/manciniraka/urbioxe/internal/service/auth_service.go:72.16,74.3 1 0
github.com/manciniraka/urbioxe/internal/service/auth_service.go:76.2,87.16 3 1
github.com/manciniraka/urbioxe/internal/service/auth_service.go:87.16,89.3 1 0
github.com/manciniraka/urbioxe/internal/service/auth_service.go:91.2,94.16 1 1
github.com/manciniraka/urbioxe/internal/service/auth_service.go:94.16,101.3 1 0
github.com/manciniraka/urbioxe/internal/service/auth_service.go:103.2,105.19 2 1
github.com/manciniraka/urbioxe/internal/service/auth_service.go:109.63,113.16 2 1
github.com/manciniraka/urbioxe/internal/service/auth_service.go:113.16,115.3 1 1
github.com/manciniraka/urbioxe/internal/service/auth_service.go:117.2,121.16 2 1
github.com/manciniraka/urbioxe/internal/service/auth_service.go:121.16,123.3 1 0
github.com/manciniraka/urbioxe/internal/service/auth_service.go:125.2,130.16 2 1
github.com/manciniraka/urbioxe/internal/service/auth_service.go:130.16,132.3 1 0
github.com/manciniraka/urbioxe/internal/service/auth_service.go:134.2,134.19 1 1
github.com/manciniraka/urbioxe/internal/service/bmkg_analyzer.go:23.72,24.25 1 0
github.com/manciniraka/urbioxe/internal/service/bmkg_analyzer.go:24.25,26.3 1 0
github.com/manciniraka/urbioxe/internal/service/bmkg_analyzer.go:28.2,32.37 3 0
github.com/manciniraka/urbioxe/internal/service/bmkg_analyzer.go:32.37,35.30 2 0
github.com/manciniraka/urbioxe/internal/service/bmkg_analyzer.go:35.30,36.13 1 0
github.com/manciniraka/urbioxe/internal/service/bmkg_analyzer.go:36.13,38.5 1 0
github.com/manciniraka/urbioxe/internal/service/bmkg_analyzer.go:40.4,40.9 1 0
github.com/manciniraka/urbioxe/internal/service/bmkg_analyzer.go:43.3,43.19 1 0
github.com/manciniraka/urbioxe/internal/service/bmkg_analyzer.go:46.2,59.53 3 0
github.com/manciniraka/urbioxe/internal/service/bmkg_analyzer.go:59.53,60.46 1 0
github.com/manciniraka/urbioxe/internal/service/bmkg_analyzer.go:60.46,61.12 1 0
github.com/manciniraka/urbioxe/internal/service/bmkg_analyzer.go:64.3,77.8 3 0
github.com/manciniraka/urbioxe/internal/service/bmkg_analyzer.go:80.2,83.3 1 0
github.com/manciniraka/urbioxe/internal/service/bmkg_analyzer.go:89.13,92.51 2 0
github.com/manciniraka/urbioxe/internal/service/bmkg_analyzer.go:92.51,93.45 1 0
github.com/manciniraka/urbioxe/internal/service/bmkg_analyzer.go:93.45,95.4 1 0
github.com/manciniraka/urbioxe/internal/service/bmkg_analyzer.go:98.2,98.49 1 0
github.com/manciniraka/urbioxe/internal/service/bmkg_service.go:38.15,46.2 1 0
github.com/manciniraka/urbioxe/internal/service/bmkg_service.go:48.75,50.16 2 0
github.com/manciniraka/urbioxe/internal/service/bmkg_service.go:50.16,52.3 1 0
github.com/manciniraka/urbioxe/internal/service/bmkg_service.go:54.2,57.37 3 0
github.com/manciniraka/urbioxe/internal/service/bmkg_service.go:57.37,65.17 3 0
github.com/manciniraka/urbioxe/internal/service/bmkg_service.go:65.17,76.12 3 0
github.com/manciniraka/urbioxe/internal/service/bmkg_service.go:79.3,81.38 2 0
github.com/manciniraka/urbioxe/internal/service/bmkg_service.go:81.38,93.4 1 0
github.com/manciniraka/urbioxe/internal/service/bmkg_service.go:95.3,96.28 1 0
github.com/manciniraka/urbioxe/internal/service/bmkg_service.go:96.28,101.19 1 0
github.com/manciniraka/urbioxe/internal/service/bmkg_service.go:101.19,103.6 1 0
github.com/manciniraka/urbioxe/internal/service/bmkg_service.go:105.5,108.19 1 0
github.com/manciniraka/urbioxe/internal/service/bmkg_service.go:108.19,110.6 1 0
github.com/manciniraka/urbioxe/internal/service/bmkg_service.go:112.5,112.15 1 0
github.com/manciniraka/urbioxe/internal/service/bmkg_service.go:116.3,116.17 1 0
github.com/manciniraka/urbioxe/internal/service/bmkg_service.go:116.17,127.12 3 0
github.com/manciniraka/urbioxe/internal/service/bmkg_service.go:130.3,130.17 1 0
github.com/manciniraka/urbioxe/internal/service/bmkg_service.go:133.2,144.8 2 0
github.com/manciniraka/urbioxe/internal/service/bmkg_service.go:147.72,149.16 2 0
github.com/manciniraka/urbioxe/internal/service/bmkg_service.go:149.16,151.3 1 0
github.com/manciniraka/urbioxe/internal/service/bmkg_service.go:153.2,157.37 3 0
github.com/manciniraka/urbioxe/internal/service/bmkg_service.go:157.37,159.17 2 0
github.com/manciniraka/urbioxe/internal/service/bmkg_service.go:159.17,160.12 1 0
github.com/manciniraka/urbioxe/internal/service/bmkg_service.go:163.3,164.22 2 0
github.com/manciniraka/urbioxe/internal/service/bmkg_service.go:164.22,165.12 1 0
github.com/manciniraka/urbioxe/internal/service/bmkg_service.go:168.3,168.27 1 0
github.com/manciniraka/urbioxe/internal/service/bmkg_service.go:168.27,172.4 1 0
github.com/manciniraka/urbioxe/internal/service/bmkg_service.go:174.3,182.4 1 0
github.com/manciniraka/urbioxe/internal/service/bmkg_service.go:185.2,190.8 1 0
github.com/manciniraka/urbioxe/internal/service/bmkg_service.go:193.108,195.16 2 0
github.com/manciniraka/urbioxe/internal/service/bmkg_service.go:195.16,197.3 1 0
github.com/manciniraka/urbioxe/internal/service/bmkg_service.go:199.2,200.16 2 0
github.com/manciniraka/urbioxe/internal/service/bmkg_service.go:200.16,202.3 1 0
github.com/manciniraka/urbioxe/internal/service/bmkg_service.go:204.2,205.21 2 0
github.com/manciniraka/urbioxe/internal/service/bmkg_service.go:205.21,207.3 1 0
github.com/manciniraka/urbioxe/internal/service/bmkg_service.go:209.2,215.33 4 0
github.com/manciniraka/urbioxe/internal/service/bmkg_service.go:215.33,218.31 2 0
github.com/manciniraka/urbioxe/internal/service/bmkg_service.go:218.31,219.12 1 0
github.com/manciniraka/urbioxe/internal/service/bmkg_service.go:222.3,222.34 1 0
github.com/manciniraka/urbioxe/internal/service/bmkg_service.go:222.34,223.12 1 0
github.com/manciniraka/urbioxe/internal/service/bmkg_service.go:226.3,234.4 1 0
github.com/manciniraka/urbioxe/internal/service/bmkg_service.go:237.2,237.24 1 0
github.com/manciniraka/urbioxe/internal/service/bmkg_service.go:237.24,244.34 2 0
github.com/manciniraka/urbioxe/internal/service/bmkg_service.go:244.34,250.6 2 0
github.com/manciniraka/urbioxe/internal/service/bmkg_service.go:250.6,251.13 1 0
github.com/manciniraka/urbioxe/internal/service/bmkg_service.go:254.4,264.26 2 0
github.com/manciniraka/urbioxe/internal/service/bmkg_service.go:264.26,266.5 1 0
github.com/manciniraka/urbioxe/internal/service/bmkg_service.go:270.2,282.8 1 0
github.com/manciniraka/urbioxe/internal/service/bmkg_service.go:285.35,289.2 1 0
github.com/manciniraka/urbioxe/internal/service/bmkg_service.go:291.87,295.16 2 0
github.com/manciniraka/urbioxe/internal/service/bmkg_service.go:295.16,297.3 1 0
github.com/manciniraka/urbioxe/internal/service/bmkg_service.go:299.2,299.32 1 0
github.com/manciniraka/urbioxe/internal/service/bmkg_service.go:299.32,301.3 1 0
github.com/manciniraka/urbioxe/internal/service/bmkg_service.go:303.2,303.63 1 0
github.com/manciniraka/urbioxe/internal/service/category_service.go:24.77,28.2 1 1
github.com/manciniraka/urbioxe/internal/service/category_service.go:46.91,48.2 1 1
github.com/manciniraka/urbioxe/internal/service/category_service.go:50.79,52.16 2 1
github.com/manciniraka/urbioxe/internal/service/category_service.go:52.16,53.45 1 1
github.com/manciniraka/urbioxe/internal/service/category_service.go:53.45,55.4 1 1
github.com/manciniraka/urbioxe/internal/service/category_service.go:56.3,56.18 1 0
github.com/manciniraka/urbioxe/internal/service/category_service.go:58.2,58.22 1 1
github.com/manciniraka/urbioxe/internal/service/category_service.go:61.109,62.57 1 1
github.com/manciniraka/urbioxe/internal/service/category_service.go:62.57,64.3 1 1
github.com/manciniraka/urbioxe/internal/service/category_service.go:66.2,66.29 1 1
github.com/manciniraka/urbioxe/internal/service/category_service.go:66.29,68.3 1 0
github.com/manciniraka/urbioxe/internal/service/category_service.go:69.2,69.22 1 1
github.com/manciniraka/urbioxe/internal/service/category_service.go:69.22,71.3 1 0
github.com/manciniraka/urbioxe/internal/service/category_service.go:73.2,74.16 2 1
github.com/manciniraka/urbioxe/internal/service/category_service.go:74.16,76.3 1 0
github.com/manciniraka/urbioxe/internal/service/category_service.go:77.2,77.12 1 1
github.com/manciniraka/urbioxe/internal/service/category_service.go:77.12,79.3 1 1
github.com/manciniraka/urbioxe/internal/service/category_service.go:81.2,89.16 3 1
github.com/manciniraka/urbioxe/internal/service/category_service.go:89.16,91.3 1 0
github.com/manciniraka/urbioxe/internal/service/category_service.go:93.2,93.23 1 1
github.com/manciniraka/urbioxe/internal/service/category_service.go:96.118,97.57 1 1
github.com/manciniraka/urbioxe/internal/service/category_service.go:97.57,99.3 1 1
github.com/manciniraka/urbioxe/internal/service/category_service.go:101.2,102.16 2 1
github.com/manciniraka/urbioxe/internal/service/category_service.go:102.16,103.45 1 1
github.com/manciniraka/urbioxe/internal/service/category_service.go:103.45,105.4 1 1
github.com/manciniraka/urbioxe/internal/service/category_service.go:106.3,106.18 1 0
github.com/manciniraka/urbioxe/internal/service/category_service.go:109.2,109.29 1 1
github.com/manciniraka/urbioxe/internal/service/category_service.go:109.29,111.3 1 0
github.com/manciniraka/urbioxe/internal/service/category_service.go:112.2,112.22 1 1
github.com/manciniraka/urbioxe/internal/service/category_service.go:112.22,114.3 1 0
github.com/manciniraka/urbioxe/internal/service/category_service.go:116.2,117.16 2 1
github.com/manciniraka/urbioxe/internal/service/category_service.go:117.16,119.3 1 0
github.com/manciniraka/urbioxe/internal/service/category_service.go:120.2,120.12 1 1
github.com/manciniraka/urbioxe/internal/service/category_service.go:120.12,122.3 1 1
github.com/manciniraka/urbioxe/internal/service/category_service.go:124.2,130.16 6 1
github.com/manciniraka/urbioxe/internal/service/category_service.go:130.16,132.3 1 0
github.com/manciniraka/urbioxe/internal/service/category_service.go:134.2,135.16 2 1
github.com/manciniraka/urbioxe/internal/service/category_service.go:135.16,137.3 1 0
github.com/manciniraka/urbioxe/internal/service/category_service.go:139.2,139.29 1 1
github.com/manciniraka/urbioxe/internal/service/category_service.go:142.110,143.57 1 1
github.com/manciniraka/urbioxe/internal/service/category_service.go:143.57,145.3 1 0
github.com/manciniraka/urbioxe/internal/service/category_service.go:147.2,148.16 2 1
github.com/manciniraka/urbioxe/internal/service/category_service.go:148.16,149.45 1 0
github.com/manciniraka/urbioxe/internal/service/category_service.go:149.45,151.4 1 0
github.com/manciniraka/urbioxe/internal/service/category_service.go:152.3,152.13 1 0
github.com/manciniraka/urbioxe/internal/service/category_service.go:155.2,155.49 1 1
github.com/manciniraka/urbioxe/internal/service/department_service.go:34.83,38.2 1 1
github.com/manciniraka/urbioxe/internal/service/department_service.go:40.96,42.2 1 1
github.com/manciniraka/urbioxe/internal/service/department_service.go:44.85,46.16 2 1
github.com/manciniraka/urbioxe/internal/service/department_service.go:46.16,47.45 1 1
github.com/manciniraka/urbioxe/internal/service/department_service.go:47.45,49.4 1 1
github.com/manciniraka/urbioxe/internal/service/department_service.go:50.3,50.18 1 0
github.com/manciniraka/urbioxe/internal/service/department_service.go:52.2,52.18 1 1
github.com/manciniraka/urbioxe/internal/service/department_service.go:55.111,56.27 1 1
github.com/manciniraka/urbioxe/internal/service/department_service.go:56.27,58.3 1 1
github.com/manciniraka/urbioxe/internal/service/department_service.go:60.2,60.22 1 1
github.com/manciniraka/urbioxe/internal/service/department_service.go:60.22,62.3 1 0
github.com/manciniraka/urbioxe/internal/service/department_service.go:63.2,63.22 1 1
github.com/manciniraka/urbioxe/internal/service/department_service.go:63.22,65.3 1 0
github.com/manciniraka/urbioxe/internal/service/department_service.go:67.2,68.16 2 1
github.com/manciniraka/urbioxe/internal/service/department_service.go:68.16,70.3 1 0
github.com/manciniraka/urbioxe/internal/service/department_service.go:71.2,71.12 1 1
github.com/manciniraka/urbioxe/internal/service/department_service.go:71.12,73.3 1 1
github.com/manciniraka/urbioxe/internal/service/department_service.go:75.2,83.16 3 1
github.com/manciniraka/urbioxe/internal/service/department_service.go:83.16,85.3 1 0
github.com/manciniraka/urbioxe/internal/service/department_service.go:87.2,87.19 1 1
github.com/manciniraka/urbioxe/internal/service/department_service.go:90.120,91.27 1 1
github.com/manciniraka/urbioxe/internal/service/department_service.go:91.27,93.3 1 0
github.com/manciniraka/urbioxe/internal/service/department_service.go:95.2,96.16 2 1
github.com/manciniraka/urbioxe/internal/service/department_service.go:96.16,97.45 1 0
github.com/manciniraka/urbioxe/internal/service/department_service.go:97.45,99.4 1 0
github.com/manciniraka/urbioxe/internal/service/department_service.go:100.3,100.18 1 0
github.com/manciniraka/urbioxe/internal/service/department_service.go:103.2,103.22 1 1
github.com/manciniraka/urbioxe/internal/service/department_service.go:103.22,105.3 1 0
github.com/manciniraka/urbioxe/internal/service/department_service.go:106.2,106.22 1 1
github.com/manciniraka/urbioxe/internal/service/department_service.go:106.22,108.3 1 0
github.com/manciniraka/urbioxe/internal/service/department_service.go:110.2,111.16 2 1
github.com/manciniraka/urbioxe/internal/service/department_service.go:111.16,113.3 1 0
github.com/manciniraka/urbioxe/internal/service/department_service.go:114.2,114.12 1 1
github.com/manciniraka/urbioxe/internal/service/department_service.go:114.12,116.3 1 0
github.com/manciniraka/urbioxe/internal/service/department_service.go:118.2,123.16 5 1
github.com/manciniraka/urbioxe/internal/service/department_service.go:123.16,125.3 1 0
github.com/manciniraka/urbioxe/internal/service/department_service.go:127.2,127.18 1 1
github.com/manciniraka/urbioxe/internal/service/department_service.go:130.116,131.27 1 1
github.com/manciniraka/urbioxe/internal/service/department_service.go:131.27,133.3 1 0
github.com/manciniraka/urbioxe/internal/service/department_service.go:135.2,136.16 2 1
github.com/manciniraka/urbioxe/internal/service/department_service.go:136.16,137.45 1 0
github.com/manciniraka/urbioxe/internal/service/department_service.go:137.45,139.4 1 0
github.com/manciniraka/urbioxe/internal/service/department_service.go:140.3,140.13 1 0
github.com/manciniraka/urbioxe/internal/service/department_service.go:143.2,143.49 1 1
github.com/manciniraka/urbioxe/internal/service/district_service.go:24.19,29.2 1 1
github.com/manciniraka/urbioxe/internal/service/district_service.go:40.72,42.2 1 1
github.com/manciniraka/urbioxe/internal/service/district_service.go:44.79,46.2 1 1
github.com/manciniraka/urbioxe/internal/service/district_service.go:48.96,53.35 2 1
github.com/manciniraka/urbioxe/internal/service/district_service.go:53.35,55.3 1 1
github.com/manciniraka/urbioxe/internal/service/district_service.go:57.2,58.45 1 1
github.com/manciniraka/urbioxe/internal/service/district_service.go:58.45,60.3 1 0
github.com/manciniraka/urbioxe/internal/service/district_service.go:62.2,69.16 2 1
github.com/manciniraka/urbioxe/internal/service/district_service.go:69.16,71.3 1 0
github.com/manciniraka/urbioxe/internal/service/district_service.go:73.2,73.23 1 1
github.com/manciniraka/urbioxe/internal/service/district_service.go:76.105,78.16 2 1
github.com/manciniraka/urbioxe/internal/service/district_service.go:78.16,80.3 1 0
github.com/manciniraka/urbioxe/internal/service/district_service.go:82.2,84.57 2 1
github.com/manciniraka/urbioxe/internal/service/district_service.go:84.57,86.3 1 0
github.com/manciniraka/urbioxe/internal/service/district_service.go:88.2,88.22 1 1
github.com/manciniraka/urbioxe/internal/service/emergency_service.go:25.20,29.2 1 1
github.com/manciniraka/urbioxe/internal/service/emergency_service.go:51.72,53.2 1 1
github.com/manciniraka/urbioxe/internal/service/emergency_service.go:55.79,57.16 2 1
github.com/manciniraka/urbioxe/internal/service/emergency_service.go:57.16,58.45 1 1
github.com/manciniraka/urbioxe/internal/service/emergency_service.go:58.45,60.4 1 1
github.com/manciniraka/urbioxe/internal/service/emergency_service.go:61.3,61.18 1 0
github.com/manciniraka/urbioxe/internal/service/emergency_service.go:64.2,64.23 1 1
github.com/manciniraka/urbioxe/internal/service/emergency_service.go:69.37,81.59 2 1
github.com/manciniraka/urbioxe/internal/service/emergency_service.go:81.59,83.3 1 0
github.com/manciniraka/urbioxe/internal/service/emergency_service.go:85.2,85.24 1 1
github.com/manciniraka/urbioxe/internal/service/emergency_service.go:91.37,94.16 2 1
github.com/manciniraka/urbioxe/internal/service/emergency_service.go:94.16,95.45 1 1
github.com/manciniraka/urbioxe/internal/service/emergency_service.go:95.45,97.4 1 1
github.com/manciniraka/urbioxe/internal/service/emergency_service.go:98.3,98.18 1 0
github.com/manciniraka/urbioxe/internal/service/emergency_service.go:101.2,109.58 8 1
github.com/manciniraka/urbioxe/internal/service/emergency_service.go:109.58,111.3 1 0
github.com/manciniraka/urbioxe/internal/service/emergency_service.go:113.2,113.23 1 1
github.com/manciniraka/urbioxe/internal/service/news_service.go:52.15,56.2 1 1
github.com/manciniraka/urbioxe/internal/service/news_service.go:58.63,60.2 1 1
github.com/manciniraka/urbioxe/internal/service/news_service.go:64.33,66.2 1 1
github.com/manciniraka/urbioxe/internal/service/news_service.go:71.33,93.17 2 1
github.com/manciniraka/urbioxe/internal/service/news_service.go:93.17,95.3 1 0
github.com/manciniraka/urbioxe/internal/service/news_service.go:97.2,97.54 1 1
github.com/manciniraka/urbioxe/internal/service/news_service.go:97.54,99.3 1 0
github.com/manciniraka/urbioxe/internal/service/news_service.go:101.2,101.18 1 1
github.com/manciniraka/urbioxe/internal/service/news_service.go:107.33,109.16 2 1
github.com/manciniraka/urbioxe/internal/service/news_service.go:109.16,111.3 1 1
github.com/manciniraka/urbioxe/internal/service/news_service.go:113.2,122.54 9 1
github.com/manciniraka/urbioxe/internal/service/news_service.go:122.54,124.3 1 0
github.com/manciniraka/urbioxe/internal/service/news_service.go:126.2,126.18 1 1
github.com/manciniraka/urbioxe/internal/service/news_service.go:131.9,133.16 2 1
github.com/manciniraka/urbioxe/internal/service/news_service.go:133.16,135.3 1 1
github.com/manciniraka/urbioxe/internal/service/news_service.go:136.2,136.36 1 1
github.com/manciniraka/urbioxe/internal/service/report_service.go:46.17,53.2 1 1
github.com/manciniraka/urbioxe/internal/service/report_service.go:122.57,124.19 2 1
github.com/manciniraka/urbioxe/internal/service/report_service.go:124.19,130.3 1 1
github.com/manciniraka/urbioxe/internal/service/report_service.go:132.2,144.3 1 1
github.com/manciniraka/urbioxe/internal/service/report_service.go:147.68,152.2 4 1
github.com/manciniraka/urbioxe/internal/service/report_service.go:155.99,156.68 1 1
github.com/manciniraka/urbioxe/internal/service/report_service.go:156.68,157.87 1 1
github.com/manciniraka/urbioxe/internal/service/report_service.go:157.87,166.18 2 1
github.com/manciniraka/urbioxe/internal/service/report_service.go:166.18,174.5 1 0
github.com/manciniraka/urbioxe/internal/service/report_service.go:186.122,189.35 2 1
github.com/manciniraka/urbioxe/internal/service/report_service.go:189.35,191.17 2 1
github.com/manciniraka/urbioxe/internal/service/report_service.go:191.17,193.4 1 1
github.com/manciniraka/urbioxe/internal/service/report_service.go:195.3,198.5 1 1
github.com/manciniraka/urbioxe/internal/service/report_service.go:201.2,216.16 7 1
github.com/manciniraka/urbioxe/internal/service/report_service.go:216.16,218.3 1 0
github.com/manciniraka/urbioxe/internal/service/report_service.go:220.2,223.33 3 1
github.com/manciniraka/urbioxe/internal/service/report_service.go:223.33,225.3 1 1
github.com/manciniraka/urbioxe/internal/service/report_service.go:227.2,227.61 1 1
github.com/manciniraka/urbioxe/internal/service/report_service.go:227.61,228.86 1 1
github.com/manciniraka/urbioxe/internal/service/report_service.go:228.86,238.22 2 1
github.com/manciniraka/urbioxe/internal/service/report_service.go:238.22,245.5 1 0
github.com/manciniraka/urbioxe/internal/service/report_service.go:255.8,262.3 1 0
github.com/manciniraka/urbioxe/internal/service/report_service.go:264.2,264.44 1 1
github.com/manciniraka/urbioxe/internal/service/report_service.go:267.92,268.21 1 1
github.com/manciniraka/urbioxe/internal/service/report_service.go:268.21,270.3 1 1
github.com/manciniraka/urbioxe/internal/service/report_service.go:271.2,271.22 1 1
github.com/manciniraka/urbioxe/internal/service/report_service.go:271.22,273.3 1 1
github.com/manciniraka/urbioxe/internal/service/report_service.go:275.2,286.29 3 1
github.com/manciniraka/urbioxe/internal/service/report_service.go:286.29,288.17 2 1
github.com/manciniraka/urbioxe/internal/service/report_service.go:288.17,290.4 1 1
github.com/manciniraka/urbioxe/internal/service/report_service.go:291.3,291.31 1 1
github.com/manciniraka/urbioxe/internal/service/report_service.go:294.2,295.16 2 1
github.com/manciniraka/urbioxe/internal/service/report_service.go:295.16,297.3 1 0
github.com/manciniraka/urbioxe/internal/service/report_service.go:299.2,300.37 2 1
github.com/manciniraka/urbioxe/internal/service/report_service.go:300.37,302.3 1 1
github.com/manciniraka/urbioxe/internal/service/report_service.go:304.2,310.8 1 1
github.com/manciniraka/urbioxe/internal/service/report_service.go:313.106,315.16 2 1
github.com/manciniraka/urbioxe/internal/service/report_service.go:315.16,316.45 1 1
github.com/manciniraka/urbioxe/internal/service/report_service.go:316.45,318.4 1 0
github.com/manciniraka/urbioxe/internal/service/report_service.go:319.3,319.18 1 1
github.com/manciniraka/urbioxe/internal/service/report_service.go:322.2,322.50 1 1
github.com/manciniraka/urbioxe/internal/service/report_service.go:322.50,324.3 1 0
github.com/manciniraka/urbioxe/internal/service/report_service.go:326.2,326.38 1 1
github.com/manciniraka/urbioxe/internal/service/report_service.go:329.117,331.16 2 1
github.com/manciniraka/urbioxe/internal/service/report_service.go:331.16,332.45 1 0
github.com/manciniraka/urbioxe/internal/service/report_service.go:332.45,334.4 1 0
github.com/manciniraka/urbioxe/internal/service/report_service.go:335.3,335.18 1 0
github.com/manciniraka/urbioxe/internal/service/report_service.go:338.2,338.37 1 1
github.com/manciniraka/urbioxe/internal/service/report_service.go:338.37,340.3 1 1
github.com/manciniraka/urbioxe/internal/service/report_service.go:342.2,342.51 1 1
github.com/manciniraka/urbioxe/internal/service/report_service.go:342.51,344.3 1 1
github.com/manciniraka/urbioxe/internal/service/report_service.go:346.2,346.23 1 1
github.com/manciniraka/urbioxe/internal/service/report_service.go:346.23,348.3 1 1
github.com/manciniraka/urbioxe/internal/service/report_service.go:349.2,349.29 1 1
github.com/manciniraka/urbioxe/internal/service/report_service.go:349.29,351.3 1 0
github.com/manciniraka/urbioxe/internal/service/report_service.go:352.2,352.33 1 1
github.com/manciniraka/urbioxe/internal/service/report_service.go:352.33,354.3 1 1
github.com/manciniraka/urbioxe/internal/service/report_service.go:355.2,355.27 1 1
github.com/manciniraka/urbioxe/internal/service/report_service.go:355.27,357.3 1 0
github.com/manciniraka/urbioxe/internal/service/report_service.go:358.2,358.35 1 1
github.com/manciniraka/urbioxe/internal/service/report_service.go:358.35,360.3 1 0
github.com/manciniraka/urbioxe/internal/service/report_service.go:361.2,361.27 1 1
github.com/manciniraka/urbioxe/internal/service/report_service.go:361.27,363.3 1 0
github.com/manciniraka/urbioxe/internal/service/report_service.go:364.2,364.28 1 1
github.com/manciniraka/urbioxe/internal/service/report_service.go:364.28,366.3 1 0
github.com/manciniraka/urbioxe/internal/service/report_service.go:368.2,369.16 2 1
github.com/manciniraka/urbioxe/internal/service/report_service.go:369.16,371.3 1 0
github.com/manciniraka/urbioxe/internal/service/report_service.go:373.2,373.46 1 1
github.com/manciniraka/urbioxe/internal/service/report_service.go:376.116,377.57 1 1
github.com/manciniraka/urbioxe/internal/service/report_service.go:377.57,379.3 1 1
github.com/manciniraka/urbioxe/internal/service/report_service.go:381.2,381.24 1 1
github.com/manciniraka/urbioxe/internal/service/report_service.go:381.24,383.3 1 1
github.com/manciniraka/urbioxe/internal/service/report_service.go:385.2,386.16 2 1
github.com/manciniraka/urbioxe/internal/service/report_service.go:386.16,387.45 1 0
github.com/manciniraka/urbioxe/internal/service/report_service.go:387.45,389.4 1 0
github.com/manciniraka/urbioxe/internal/service/report_service.go:390.3,390.13 1 0
github.com/manciniraka/urbioxe/internal/service/report_service.go:393.2,393.77 1 1
github.com/manciniraka/urbioxe/internal/service/report_service.go:393.77,395.3 1 0
github.com/manciniraka/urbioxe/internal/service/report_service.go:397.2,397.46 1 1
github.com/manciniraka/urbioxe/internal/service/report_service.go:397.46,399.3 1 0
github.com/manciniraka/urbioxe/internal/service/report_service.go:401.2,401.86 1 1
github.com/manciniraka/urbioxe/internal/service/report_service.go:401.86,403.3 1 0
github.com/manciniraka/urbioxe/internal/service/report_service.go:405.2,406.17 2 1
github.com/manciniraka/urbioxe/internal/service/report_service.go:406.17,408.3 1 0
github.com/manciniraka/urbioxe/internal/service/report_service.go:410.2,411.16 2 1
github.com/manciniraka/urbioxe/internal/service/report_service.go:411.16,413.3 1 0
github.com/manciniraka/urbioxe/internal/service/report_service.go:415.2,417.12 2 1
github.com/manciniraka/urbioxe/internal/service/report_service.go:420.106,421.48 1 1
github.com/manciniraka/urbioxe/internal/service/report_service.go:421.48,423.3 1 0
github.com/manciniraka/urbioxe/internal/service/report_service.go:425.2,426.16 2 1
github.com/manciniraka/urbioxe/internal/service/report_service.go:426.16,427.45 1 0
github.com/manciniraka/urbioxe/internal/service/report_service.go:427.45,429.4 1 0
github.com/manciniraka/urbioxe/internal/service/report_service.go:430.3,430.13 1 0
github.com/manciniraka/urbioxe/internal/service/report_service.go:433.2,434.16 2 1
github.com/manciniraka/urbioxe/internal/service/report_service.go:434.16,436.3 1 0
github.com/manciniraka/urbioxe/internal/service/report_service.go:438.2,438.23 1 1
github.com/manciniraka/urbioxe/internal/service/report_service.go:438.23,439.36 1 1
github.com/manciniraka/urbioxe/internal/service/report_service.go:439.36,441.4 1 0
github.com/manciniraka/urbioxe/internal/service/report_service.go:443.3,443.42 1 1
github.com/manciniraka/urbioxe/internal/service/report_service.go:443.42,445.4 1 1
github.com/manciniraka/urbioxe/internal/service/report_service.go:448.2,448.44 1 1
github.com/manciniraka/urbioxe/internal/service/report_service.go:448.44,449.47 1 0
github.com/manciniraka/urbioxe/internal/service/report_service.go:449.47,451.4 1 0
github.com/manciniraka/urbioxe/internal/service/report_service.go:452.3,452.35 1 0
github.com/manciniraka/urbioxe/internal/service/report_service.go:455.2,455.17 1 1
github.com/manciniraka/urbioxe/internal/service/report_service.go:455.17,457.3 1 0
github.com/manciniraka/urbioxe/internal/service/report_service.go:459.2,466.16 2 1
github.com/manciniraka/urbioxe/internal/service/report_service.go:466.16,468.3 1 0
github.com/manciniraka/urbioxe/internal/service/report_service.go:470.2,472.12 2 1
github.com/manciniraka/urbioxe/internal/service/report_service.go:475.139,476.48 1 1
github.com/manciniraka/urbioxe/internal/service/report_service.go:476.48,478.3 1 0
github.com/manciniraka/urbioxe/internal/service/report_service.go:480.2,480.21 1 1
github.com/manciniraka/urbioxe/internal/service/report_service.go:480.21,482.3 1 1
github.com/manciniraka/urbioxe/internal/service/report_service.go:484.2,485.16 2 1
github.com/manciniraka/urbioxe/internal/service/report_service.go:485.16,486.45 1 0
github.com/manciniraka/urbioxe/internal/service/report_service.go:486.45,488.4 1 0
github.com/manciniraka/urbioxe/internal/service/report_service.go:489.3,489.13 1 0
github.com/manciniraka/urbioxe/internal/service/report_service.go:492.2,493.16 2 1
github.com/manciniraka/urbioxe/internal/service/report_service.go:493.16,495.3 1 0
github.com/manciniraka/urbioxe/internal/service/report_service.go:497.2,497.23 1 1
github.com/manciniraka/urbioxe/internal/service/report_service.go:497.23,498.36 1 1
github.com/manciniraka/urbioxe/internal/service/report_service.go:498.36,500.4 1 0
github.com/manciniraka/urbioxe/internal/service/report_service.go:502.3,502.42 1 1
github.com/manciniraka/urbioxe/internal/service/report_service.go:502.42,504.4 1 0
github.com/manciniraka/urbioxe/internal/service/report_service.go:507.2,507.46 1 1
github.com/manciniraka/urbioxe/internal/service/report_service.go:507.46,509.3 1 0
github.com/manciniraka/urbioxe/internal/service/report_service.go:511.2,512.35 2 1
github.com/manciniraka/urbioxe/internal/service/report_service.go:512.35,514.17 2 1
github.com/manciniraka/urbioxe/internal/service/report_service.go:514.17,516.4 1 0
github.com/manciniraka/urbioxe/internal/service/report_service.go:518.3,521.5 1 1
github.com/manciniraka/urbioxe/internal/service/report_service.go:524.2,524.17 1 1
github.com/manciniraka/urbioxe/internal/service/report_service.go:524.17,526.3 1 0
github.com/manciniraka/urbioxe/internal/service/report_service.go:528.2,529.16 2 1
github.com/manciniraka/urbioxe/internal/service/report_service.go:529.16,531.3 1 0
github.com/manciniraka/urbioxe/internal/service/report_service.go:533.2,534.12 2 1
github.com/manciniraka/urbioxe/internal/service/report_service.go:537.122,538.57 1 1
github.com/manciniraka/urbioxe/internal/service/report_service.go:538.57,540.3 1 1
github.com/manciniraka/urbioxe/internal/service/report_service.go:542.2,542.23 1 1
github.com/manciniraka/urbioxe/internal/service/report_service.go:542.23,544.3 1 0
github.com/manciniraka/urbioxe/internal/service/report_service.go:546.2,547.16 2 1
github.com/manciniraka/urbioxe/internal/service/report_service.go:547.16,548.45 1 0
github.com/manciniraka/urbioxe/internal/service/report_service.go:548.45,550.4 1 0
github.com/manciniraka/urbioxe/internal/service/report_service.go:551.3,551.13 1 0
github.com/manciniraka/urbioxe/internal/service/report_service.go:554.2,554.46 1 1
github.com/manciniraka/urbioxe/internal/service/report_service.go:554.46,556.3 1 0
github.com/manciniraka/urbioxe/internal/service/report_service.go:557.2,557.44 1 1
github.com/manciniraka/urbioxe/internal/service/report_service.go:557.44,559.3 1 0
github.com/manciniraka/urbioxe/internal/service/report_service.go:560.2,560.44 1 1
github.com/manciniraka/urbioxe/internal/service/report_service.go:560.44,562.3 1 0
github.com/manciniraka/urbioxe/internal/service/report_service.go:564.2,572.16 2 1
github.com/manciniraka/urbioxe/internal/service/report_service.go:572.16,574.3 1 0
github.com/manciniraka/urbioxe/internal/service/report_service.go:576.2,577.12 2 1
github.com/manciniraka/urbioxe/internal/service/report_service.go:580.122,581.57 1 1
github.com/manciniraka/urbioxe/internal/service/report_service.go:581.57,583.3 1 1
github.com/manciniraka/urbioxe/internal/service/report_service.go:585.2,586.16 2 1
github.com/manciniraka/urbioxe/internal/service/report_service.go:586.16,587.45 1 0
github.com/manciniraka/urbioxe/internal/service/report_service.go:587.45,589.4 1 0
github.com/manciniraka/urbioxe/internal/service/report_service.go:590.3,590.13 1 0
github.com/manciniraka/urbioxe/internal/service/report_service.go:593.2,593.43 1 1
github.com/manciniraka/urbioxe/internal/service/report_service.go:593.43,595.3 1 1
github.com/manciniraka/urbioxe/internal/service/report_service.go:597.2,598.17 2 1
github.com/manciniraka/urbioxe/internal/service/report_service.go:598.17,600.3 1 0
github.com/manciniraka/urbioxe/internal/service/report_service.go:602.2,603.16 2 1
github.com/manciniraka/urbioxe/internal/service/report_service.go:603.16,605.3 1 0
github.com/manciniraka/urbioxe/internal/service/report_service.go:607.2,609.12 2 1
github.com/manciniraka/urbioxe/internal/service/report_service.go:612.120,613.57 1 1
github.com/manciniraka/urbioxe/internal/service/report_service.go:613.57,615.3 1 1
github.com/manciniraka/urbioxe/internal/service/report_service.go:617.2,617.26 1 1
github.com/manciniraka/urbioxe/internal/service/report_service.go:617.26,619.3 1 0
github.com/manciniraka/urbioxe/internal/service/report_service.go:621.2,622.16 2 1
github.com/manciniraka/urbioxe/internal/service/report_service.go:622.16,623.45 1 0
github.com/manciniraka/urbioxe/internal/service/report_service.go:623.45,625.4 1 0
github.com/manciniraka/urbioxe/internal/service/report_service.go:626.3,626.13 1 0
github.com/manciniraka/urbioxe/internal/service/report_service.go:629.2,634.12 4 1
github.com/manciniraka/urbioxe/internal/service/report_service.go:637.120,638.57 1 1
github.com/manciniraka/urbioxe/internal/service/report_service.go:638.57,640.3 1 0
github.com/manciniraka/urbioxe/internal/service/report_service.go:642.2,642.27 1 1
github.com/manciniraka/urbioxe/internal/service/report_service.go:642.27,644.3 1 1
github.com/manciniraka/urbioxe/internal/service/report_service.go:646.2,647.16 2 1
github.com/manciniraka/urbioxe/internal/service/report_service.go:647.16,648.45 1 0
github.com/manciniraka/urbioxe/internal/service/report_service.go:648.45,650.4 1 0
github.com/manciniraka/urbioxe/internal/service/report_service.go:651.3,651.13 1 0
github.com/manciniraka/urbioxe/internal/service/report_service.go:654.2,654.35 1 1
github.com/manciniraka/urbioxe/internal/service/report_service.go:654.35,656.3 1 1
github.com/manciniraka/urbioxe/internal/service/report_service.go:658.2,659.36 2 1
github.com/manciniraka/urbioxe/internal/service/report_service.go:659.36,661.3 1 0
github.com/manciniraka/urbioxe/internal/service/report_service.go:663.2,666.16 3 1
github.com/manciniraka/urbioxe/internal/service/report_service.go:666.16,668.3 1 0
github.com/manciniraka/urbioxe/internal/service/report_service.go:670.2,673.12 3 1
github.com/manciniraka/urbioxe/internal/service/staff_service.go:39.16,47.2 1 1
github.com/manciniraka/urbioxe/internal/service/staff_service.go:91.91,94.24 2 1
github.com/manciniraka/urbioxe/internal/service/staff_service.go:95.35,96.32 1 1
github.com/manciniraka/urbioxe/internal/service/staff_service.go:97.38,98.40 1 0
github.com/manciniraka/urbioxe/internal/service/staff_service.go:99.33,100.35 1 0
github.com/manciniraka/urbioxe/internal/service/staff_service.go:102.10,103.43 1 1
github.com/manciniraka/urbioxe/internal/service/staff_service.go:106.2,107.39 2 1
github.com/manciniraka/urbioxe/internal/service/staff_service.go:107.39,109.3 1 0
github.com/manciniraka/urbioxe/internal/service/staff_service.go:111.2,111.59 1 1
github.com/manciniraka/urbioxe/internal/service/staff_service.go:111.59,113.3 1 0
github.com/manciniraka/urbioxe/internal/service/staff_service.go:115.2,116.39 2 1
github.com/manciniraka/urbioxe/internal/service/staff_service.go:116.39,118.3 1 0
github.com/manciniraka/urbioxe/internal/service/staff_service.go:120.2,120.59 1 1
github.com/manciniraka/urbioxe/internal/service/staff_service.go:120.59,122.3 1 0
github.com/manciniraka/urbioxe/internal/service/staff_service.go:124.2,125.16 2 1
github.com/manciniraka/urbioxe/internal/service/staff_service.go:125.16,126.45 1 0
github.com/manciniraka/urbioxe/internal/service/staff_service.go:126.45,128.4 1 0
github.com/manciniraka/urbioxe/internal/service/staff_service.go:130.3,130.18 1 0
github.com/manciniraka/urbioxe/internal/service/staff_service.go:133.2,133.26 1 1
github.com/manciniraka/urbioxe/internal/service/staff_service.go:133.26,135.3 1 1
github.com/manciniraka/urbioxe/internal/service/staff_service.go:137.2,141.16 2 1
github.com/manciniraka/urbioxe/internal/service/staff_service.go:141.16,143.3 1 0
github.com/manciniraka/urbioxe/internal/service/staff_service.go:145.2,149.16 2 1
github.com/manciniraka/urbioxe/internal/service/staff_service.go:149.16,151.3 1 0
github.com/manciniraka/urbioxe/internal/service/staff_service.go:153.2,160.16 3 1
github.com/manciniraka/urbioxe/internal/service/staff_service.go:160.16,162.3 1 0
github.com/manciniraka/urbioxe/internal/service/staff_service.go:164.2,165.16 2 1
github.com/manciniraka/urbioxe/internal/service/staff_service.go:165.16,167.3 1 0
github.com/manciniraka/urbioxe/internal/service/staff_service.go:169.2,175.27 2 1
github.com/manciniraka/urbioxe/internal/service/staff_service.go:175.27,188.18 2 1
github.com/manciniraka/urbioxe/internal/service/staff_service.go:188.18,190.5 1 0
github.com/manciniraka/urbioxe/internal/service/staff_service.go:192.4,204.18 2 1
github.com/manciniraka/urbioxe/internal/service/staff_service.go:204.18,206.5 1 0
github.com/manciniraka/urbioxe/internal/service/staff_service.go:208.4,208.14 1 1
github.com/manciniraka/urbioxe/internal/service/staff_service.go:212.2,212.16 1 1
github.com/manciniraka/urbioxe/internal/service/staff_service.go:212.16,214.3 1 0
github.com/manciniraka/urbioxe/internal/service/staff_service.go:216.2,222.16 1 1
github.com/manciniraka/urbioxe/internal/service/staff_service.go:222.16,229.3 1 0
github.com/manciniraka/urbioxe/internal/service/staff_service.go:231.2,236.20 4 1
github.com/manciniraka/urbioxe/internal/service/staff_service.go:239.63,241.16 2 1
github.com/manciniraka/urbioxe/internal/service/staff_service.go:241.16,243.3 1 0
github.com/manciniraka/urbioxe/internal/service/staff_service.go:245.2,251.31 2 1
github.com/manciniraka/urbioxe/internal/service/staff_service.go:251.31,265.3 1 1
github.com/manciniraka/urbioxe/internal/service/staff_service.go:267.2,267.23 1 1
github.com/manciniraka/urbioxe/internal/service/staff_service.go:270.69,272.16 2 1
github.com/manciniraka/urbioxe/internal/service/staff_service.go:272.16,274.3 1 0
github.com/manciniraka/urbioxe/internal/service/staff_service.go:276.2,291.20 2 1
github.com/manciniraka/urbioxe/internal/service/staff_service.go:294.100,298.16 2 1
github.com/manciniraka/urbioxe/internal/service/staff_service.go:298.16,300.3 1 0
github.com/manciniraka/urbioxe/internal/service/staff_service.go:302.2,310.16 3 1
github.com/manciniraka/urbioxe/internal/service/staff_service.go:310.16,315.5 1 0
github.com/manciniraka/urbioxe/internal/service/staff_service.go:315.5,317.4 1 0
github.com/manciniraka/urbioxe/internal/service/staff_service.go:319.3,319.18 1 0
github.com/manciniraka/urbioxe/internal/service/staff_service.go:322.2,324.24 2 1
github.com/manciniraka/urbioxe/internal/service/staff_service.go:326.35,327.32 1 0
github.com/manciniraka/urbioxe/internal/service/staff_service.go:329.38,330.40 1 1
github.com/manciniraka/urbioxe/internal/service/staff_service.go:332.33,333.35 1 0
github.com/manciniraka/urbioxe/internal/service/staff_service.go:335.10,336.43 1 0
github.com/manciniraka/urbioxe/internal/service/staff_service.go:339.2,340.27 1 1
github.com/manciniraka/urbioxe/internal/service/staff_service.go:340.27,348.18 3 1
github.com/manciniraka/urbioxe/internal/service/staff_service.go:348.18,350.5 1 0
github.com/manciniraka/urbioxe/internal/service/staff_service.go:352.4,362.18 6 1
github.com/manciniraka/urbioxe/internal/service/staff_service.go:362.18,364.5 1 0
github.com/manciniraka/urbioxe/internal/service/staff_service.go:366.4,366.14 1 1
github.com/manciniraka/urbioxe/internal/service/staff_service.go:370.2,370.16 1 1
github.com/manciniraka/urbioxe/internal/service/staff_service.go:370.16,372.3 1 0
github.com/manciniraka/urbioxe/internal/service/staff_service.go:374.2,377.16 2 1
github.com/manciniraka/urbioxe/internal/service/staff_service.go:377.16,379.3 1 0
github.com/manciniraka/urbioxe/internal/service/staff_service.go:381.2,381.19 1 1
github.com/manciniraka/urbioxe/internal/service/user_service.go:27.15,32.2 1 1
github.com/manciniraka/urbioxe/internal/service/user_service.go:45.69,47.16 2 1
github.com/manciniraka/urbioxe/internal/service/user_service.go:47.16,49.3 1 1
github.com/manciniraka/urbioxe/internal/service/user_service.go:51.2,53.18 2 1
github.com/manciniraka/urbioxe/internal/service/user_service.go:56.98,58.16 2 1
github.com/manciniraka/urbioxe/internal/service/user_service.go:58.16,60.3 1 1
github.com/manciniraka/urbioxe/internal/service/user_service.go:62.2,62.33 1 1
github.com/manciniraka/urbioxe/internal/service/user_service.go:62.33,64.17 2 1
github.com/manciniraka/urbioxe/internal/service/user_service.go:64.17,65.46 1 1
github.com/manciniraka/urbioxe/internal/service/user_service.go:65.46,67.5 1 1
github.com/manciniraka/urbioxe/internal/service/user_service.go:68.4,68.19 1 0
github.com/manciniraka/urbioxe/internal/service/user_service.go:71.3,71.25 1 1
github.com/manciniraka/urbioxe/internal/service/user_service.go:71.25,73.4 1 1
github.com/manciniraka/urbioxe/internal/service/user_service.go:76.2,81.16 5 1
github.com/manciniraka/urbioxe/internal/service/user_service.go:81.16,83.3 1 0
github.com/manciniraka/urbioxe/internal/service/user_service.go:85.2,87.18 2 1
github.com/manciniraka/urbioxe/internal/service/user_service.go:90.84,92.16 2 1
github.com/manciniraka/urbioxe/internal/service/user_service.go:92.16,94.3 1 0
github.com/manciniraka/urbioxe/internal/service/user_service.go:96.2,100.16 2 1
github.com/manciniraka/urbioxe/internal/service/user_service.go:100.16,102.3 1 0
github.com/manciniraka/urbioxe/internal/service/user_service.go:104.2,104.44 1 1
github.com/manciniraka/urbioxe/internal/service/user_service.go:104.44,106.3 1 1
github.com/manciniraka/urbioxe/internal/service/user_service.go:108.2,111.16 2 1
github.com/manciniraka/urbioxe/internal/service/user_service.go:111.16,113.3 1 0
github.com/manciniraka/urbioxe/internal/service/user_service.go:115.2,119.16 2 1
github.com/manciniraka/urbioxe/internal/service/user_service.go:119.16,121.3 1 0
github.com/manciniraka/urbioxe/internal/service/user_service.go:123.2,123.12 1 1
github.com/manciniraka/urbioxe/internal/service/water_service.go:49.16,57.2 1 0
github.com/manciniraka/urbioxe/internal/service/water_service.go:59.124,63.16 2 0
github.com/manciniraka/urbioxe/internal/service/water_service.go:63.16,65.3 1 0
github.com/manciniraka/urbioxe/internal/service/water_service.go:67.2,73.46 5 0
github.com/manciniraka/urbioxe/internal/service/water_service.go:73.46,79.17 2 0
github.com/manciniraka/urbioxe/internal/service/water_service.go:79.17,81.4 1 0
github.com/manciniraka/urbioxe/internal/service/water_service.go:83.3,85.28 2 0
github.com/manciniraka/urbioxe/internal/service/water_service.go:85.28,87.4 1 0
github.com/manciniraka/urbioxe/internal/service/water_service.go:89.3,93.4 2 0
github.com/manciniraka/urbioxe/internal/service/water_service.go:96.2,107.16 3 0
github.com/manciniraka/urbioxe/internal/service/water_service.go:107.16,109.3 1 0
github.com/manciniraka/urbioxe/internal/service/water_service.go:111.2,126.23 2 0
github.com/manciniraka/urbioxe/internal/service/water_service.go:129.75,131.16 2 0
github.com/manciniraka/urbioxe/internal/service/water_service.go:131.16,133.3 1 0
github.com/manciniraka/urbioxe/internal/service/water_service.go:135.2,141.34 3 0
github.com/manciniraka/urbioxe/internal/service/water_service.go:141.34,148.48 2 0
github.com/manciniraka/urbioxe/internal/service/water_service.go:148.48,155.4 2 0
github.com/manciniraka/urbioxe/internal/service/water_service.go:157.3,162.38 2 0
github.com/manciniraka/urbioxe/internal/service/water_service.go:162.38,168.4 1 0
github.com/manciniraka/urbioxe/internal/service/water_service.go:171.2,171.21 1 0
github.com/manciniraka/urbioxe/internal/service/water_service.go:174.103,176.16 2 0
github.com/manciniraka/urbioxe/internal/service/water_service.go:176.16,178.3 1 0
github.com/manciniraka/urbioxe/internal/service/water_service.go:180.2,198.23 3 0
github.com/manciniraka/urbioxe/internal/service/water_service.go:201.89,203.16 2 0
github.com/manciniraka/urbioxe/internal/service/water_service.go:203.16,205.3 1 0
github.com/manciniraka/urbioxe/internal/service/water_service.go:207.2,207.32 1 0
github.com/manciniraka/urbioxe/internal/service/water_service.go:207.32,209.3 1 0
github.com/manciniraka/urbioxe/internal/service/water_service.go:211.2,213.3 1 0
github.com/manciniraka/urbioxe/internal/service/water_service.go:216.87,218.16 2 0
github.com/manciniraka/urbioxe/internal/service/water_service.go:218.16,220.3 1 0
github.com/manciniraka/urbioxe/internal/service/water_service.go:222.2,228.36 3 0
github.com/manciniraka/urbioxe/internal/service/water_service.go:228.36,240.49 2 0
github.com/manciniraka/urbioxe/internal/service/water_service.go:240.49,253.4 6 0
github.com/manciniraka/urbioxe/internal/service/water_service.go:255.3,258.4 1 0
github.com/manciniraka/urbioxe/internal/service/water_service.go:261.2,261.23 1 0
github.com/manciniraka/urbioxe/internal/service/water_service.go:264.108,266.16 2 0
github.com/manciniraka/urbioxe/internal/service/water_service.go:266.16,268.3 1 0
github.com/manciniraka/urbioxe/internal/service/water_service.go:270.2,274.41 3 0
github.com/manciniraka/urbioxe/internal/service/water_service.go:274.41,276.3 1 0
github.com/manciniraka/urbioxe/internal/service/water_service.go:278.2,284.38 4 0
github.com/manciniraka/urbioxe/internal/service/water_service.go:284.38,285.21 1 0
github.com/manciniraka/urbioxe/internal/service/water_service.go:285.21,286.9 1 0
github.com/manciniraka/urbioxe/internal/service/water_service.go:289.3,291.21 2 0
github.com/manciniraka/urbioxe/internal/service/water_service.go:291.21,293.4 1 0
github.com/manciniraka/urbioxe/internal/service/water_service.go:293.9,296.33 2 0
github.com/manciniraka/urbioxe/internal/service/water_service.go:296.33,298.5 1 0
github.com/manciniraka/urbioxe/internal/service/water_service.go:301.3,305.21 3 0
github.com/manciniraka/urbioxe/internal/service/water_service.go:305.21,312.4 1 0
github.com/manciniraka/urbioxe/internal/service/water_service.go:312.9,319.4 1 0
github.com/manciniraka/urbioxe/internal/service/water_service.go:321.3,331.29 3 0
github.com/manciniraka/urbioxe/internal/service/water_service.go:334.2,342.8 1 0
github.com/manciniraka/urbioxe/internal/service/water_service.go:349.38,355.16 3 0
github.com/manciniraka/urbioxe/internal/service/water_service.go:355.16,357.3 1 0
github.com/manciniraka/urbioxe/internal/service/water_service.go:359.2,368.16 3 0
github.com/manciniraka/urbioxe/internal/service/water_service.go:368.16,370.3 1 0
github.com/manciniraka/urbioxe/internal/service/water_service.go:372.2,383.23 2 0
github.com/manciniraka/urbioxe/internal/service/water_service.go:386.100,392.16 3 0
github.com/manciniraka/urbioxe/internal/service/water_service.go:392.16,394.3 1 0
github.com/manciniraka/urbioxe/internal/service/water_service.go:396.2,398.45 2 0
github.com/manciniraka/urbioxe/internal/service/water_service.go:398.45,409.3 1 0
github.com/manciniraka/urbioxe/internal/service/water_service.go:411.2,411.22 1 0
github.com/manciniraka/urbioxe/internal/service/water_service.go:414.111,420.16 3 0
github.com/manciniraka/urbioxe/internal/service/water_service.go:420.16,422.3 1 0
github.com/manciniraka/urbioxe/internal/service/water_service.go:424.2,426.45 2 0
github.com/manciniraka/urbioxe/internal/service/water_service.go:426.45,437.3 1 0
github.com/manciniraka/urbioxe/internal/service/water_service.go:439.2,439.22 1 0
